<?xml version="1.0" encoding="UTF-8" standalone="no"?>
<persistence xmlns="http://xmlns.jcp.org/xml/ns/persistence"
             xmlns:xsi="http://www.w3.org/2001/XMLSchema-instance"
             xsi:schemaLocation="http://xmlns.jcp.org/xml/ns/persistence http://xmlns.jcp.org/xml/ns/persistence/persistence_2_1.xsd"
             version="2.1">
    <persistence-unit name="default">
        <exclude-unlisted-classes>false</exclude-unlisted-classes>
        <properties>
            <property name="javax.persistence.schema-generation.database.action" value="drop-and-create"/>
            <property name="javax.persistence.schema-generation.scripts.action" value="drop-and-create"/>
            <property name="javax.persistence.schema-generation.scripts.drop-target" value="./mydrop.ddl"/>
            <property name="javax.persistence.schema-generation.scripts.create-target" value="./mycreate.ddl"/>
        </properties>
    </persistence-unit>
</persistence>